[2022-01-29T16:05:01.175590+00:00] lbs.log.ERROR.ERROR: http://api.commande.local:19080/video7 Error [] []
[2022-01-29T16:06:49.165594+00:00] lbs.log.ERROR: http://api.commande.local:19080/video7 Error [] []
[2022-01-29T16:29:18.218421+00:00] lbs.log.ERROR: GET http://api.commande.local:19080/video71 : malformed uri [] []
[2022-01-29T16:32:03.500246+00:00] lbs.log.ERROR: GET http://api.commande.local:19080/video71 : malformed uri [] []
[2022-01-29T16:57:58.912967+00:00] lbs.log.ERROR: GET http://api.commande.local:19080/video7 : bad method - POST wanted [] []
[2022-01-29T19:06:50.941006+00:00] lbs.log.ERROR: GET http://api.commande.local:19080/video7 : bad method - POST wanted [] []
[2022-01-29T19:07:13.181081+00:00] lbs.log.ERROR: GET http://api.commande.local:19080/video7 : bad method - POST wanted [] []
[2022-01-29T19:07:32.252140+00:00] lbs.log.ERROR: GET http://api.commande.local:19080/video7 : bad method - POST wanted [] []
[2022-01-29T19:07:37.855919+00:00] lbs.log.ERROR: GET http://api.commande.local:19080/video7_2 : malformed uri [] []
[2022-01-30T11:36:41.280531+00:00] lbs.log.ERROR: {"type":"error","error":500,"message":"internal server error: Argument 2 passed to lbs\\command\\app\\controller\\DemoController::test_error() must implement interface Psr\\Http\\Message\\ServerRequestInterface, instance of Slim\\Http\\Response given","file":"\/var\/www\/src\/app\/controller\/DemoController.phpline: 49"} [] []
[2022-01-30T11:37:18.151480+00:00] lbs.log.ERROR: Array [] []
[2022-01-30T11:38:51.623037+00:00] lbs.log.ERROR: error, 500, internal server error: Argument 2 passed to lbs\fab\app\controller\DemoController::test_error() must implement interface Psr\Http\Message\ServerRequestInterface, instance of Slim\Http\Response given, /var/www/src/app/controller/DemoController.phpline: 49 [] []
[2022-01-30T11:39:47.351136+00:00] lbs.log.ERROR: error| 500| internal server error: Argument 2 passed to lbs\fab\app\controller\DemoController::test_error() must implement interface Psr\Http\Message\ServerRequestInterface, instance of Slim\Http\Response given| /var/www/src/app/controller/DemoController.phpline: 49 [] []
[2022-01-30T11:40:06.493517+00:00] lbs.log.ERROR: error | 500 | internal server error: Argument 2 passed to lbs\fab\app\controller\DemoController::test_error() must implement interface Psr\Http\Message\ServerRequestInterface, instance of Slim\Http\Response given | /var/www/src/app/controller/DemoController.phpline: 49 [] []
[2022-01-30T12:03:30.025823+00:00] lbs.log.ERROR: error | 500 | internal server error: Call to undefined method Slim\Container::uuid() | /var/www/src/app/controller/DemoController.phpline: 71 [] []
[2022-01-30T12:08:55.512330+00:00] lbs.log.ERROR: error | 500 | internal server error: Call to undefined method Slim\Container::uuid() | /var/www/src/app/controller/DemoController.phpline: 71 [] []
[2022-01-30T12:16:21.547742+00:00] lbs.log.ERROR: error | 500 | internal server error: Too few arguments to function Ramsey\Uuid\Uuid::uuid3(), 1 passed in /var/www/src/app/conf/dependencies.php on line 78 and exactly 2 expected | /var/www/src/vendor/ramsey/uuid/src/Uuid.phpline: 606 [] []
[2022-01-30T12:21:45.015635+00:00] lbs.log.ERROR: error | 500 | internal server error: Call to undefined method Ramsey\Uuid\Lazy\LazyUuidFromString::tonString() | /var/www/src/app/conf/dependencies.phpline: 78 [] []
[2022-01-30T12:21:58.609640+00:00] lbs.log.ERROR: GET http://api.commande.local:19080/favicon.ico : malformed uri [] []
[2022-01-30T12:22:20.476389+00:00] lbs.log.ERROR: error | 500 | internal server error: Class 'lbs\fab\app\controller\Uuid' not found | /var/www/src/app/controller/DemoController.phpline: 75 [] []
[2022-01-30T12:22:38.373454+00:00] lbs.log.ERROR: error | 500 | internal server error: Argument 2 passed to Ramsey\Uuid\Uuid::uuid5() must be of the type string, null given, called in /var/www/src/app/conf/dependencies.php on line 78 | /var/www/src/vendor/ramsey/uuid/src/Uuid.phpline: 640 [] []
[2022-01-30T12:42:53.555615+00:00] lbs.log.ERROR: GET http://api.commande.local:19080/favicon.ico : malformed uri [] []
[2022-01-31T10:43:17.053616+00:00] lbs.log.ERROR: error | 500 | internal server error: Object of class Illuminate\Database\Eloquent\Builder could not be converted to string | /var/www/src/app/controller/TD12Controller.phpline: 113 [] []
[2022-01-31T20:30:10.763139+00:00] lbs.log.ERROR: GET http://api.commande.local:19080/td1/co : malformed uri [] []
[2022-01-31T20:38:29.294630+00:00] lbs.log.ERROR: GET http://api.commande.local:19080/td1/commanrfre : malformed uri [] []
[2022-01-31T20:53:15.600206+00:00] lbs.log.ERROR: GET http://api.commande.local:19080/ciao/truc : bad method - POST wanted [] []
[2022-01-31T20:53:37.115320+00:00] lbs.log.ERROR: POST http://api.commande.local:19080/td1/commandes : bad method - GET wanted [] []
[2022-01-31T21:09:32.994059+00:00] lbs.log.ERROR: GET http://api.commande.local:19080/td1/commades/d81282b7-6928-4102-9ca9-78838e649fd4 : malformed uri [] []
[2022-01-31T21:21:02.730134+00:00] lbs.log.ERROR: GET http://api.commande.local:19080/td1/commades/d81282b7-6928-4102-9ca9-78838e649fd4 : malformed uri [] []
[2022-01-31T22:00:05.819035+00:00] lbs.log.ERROR: GET http://api.commande.local:19080/td1/commades/d81282b7-6928-4102-9ca9-78838e649fd4 : malformed uri [] []
[2022-01-31T22:00:15.995376+00:00] lbs.log.ERROR: error | 500 | internal server error: Class 'lbs\fab\app\errosr\Writer' not found | /var/www/src/app/controller/TD12Controller.phpline: 51 [] []
[2022-01-31T22:06:46.552122+00:00] lbs.log.ERROR: error | 500 | internal server error: Call to undefined method Slim\Container::notFoundHandler() | /var/www/src/app/controller/TD12Controller.phpline: 51 [] []
[2022-01-31T22:21:36.629843+00:00] lbs.log.ERROR: error | 500 | internal server error: Argument 1 passed to {closure}() must be an instance of Slim\Http\Request, instance of Slim\Http\Response given, called in /var/www/src/app/controller/TD12Controller.php on line 55 | /var/www/src/app/conf/errors.phpline: 103 [] []
[2022-01-31T22:21:56.977500+00:00] lbs.log.ERROR: error | 500 | internal server error: Too few arguments to function Slim\Http\Request::getParam(), 0 passed in /var/www/src/app/conf/errors.php on line 105 and at least 1 expected | /var/www/src/vendor/slim/slim/Slim/Http/Request.phpline: 1122 [] []
[2022-01-31T22:22:51.320798+00:00] lbs.log.ERROR: http://api.commande.local:19080/td1/commandes/d81282b7-6928-4102-9ca9-78838e649fd tried [] []
[2022-01-31T22:25:30.207542+00:00] lbs.log.ERROR: no ressource [] []
[2022-01-31T22:26:24.667245+00:00] lbs.log.ERROR: d81282b7-6928-4102-9ca9-78838e649fd [] []
[2022-01-31T22:28:08.975640+00:00] lbs.log.ERROR: bad ressource : d81282b7-6928-4102-9ca9-78838e649fd [] []
[2022-01-31T23:10:25.580360+00:00] lbs.log.ERROR: GET http://api.commande.local:19080/td1/commandes/d81282b7-6928-4102-9ca9-78838e649fd : malformed uri [] []
[2022-01-31T23:10:57.643622+00:00] lbs.log.ERROR: GET http://api.commande.local:19080/td1/commandes/d81282b7-6928-4102-9ca9-78838e649 : malformed uri [] []
[2022-01-31T23:11:18.192505+00:00] lbs.log.ERROR: GET http://api.commande.local:19080/td1/commandes/d812 : malformed uri [] []
[2022-01-31T23:13:42.469773+00:00] lbs.log.ERROR: GET http://api.commande.local:19080/td1/commandes/d812 : malformed uri [] []
[2022-01-31T23:14:14.777970+00:00] lbs.log.ERROR: GET http://api.commande.local:19080/td1/commandes/d812 : malformed uri [] []
[2022-01-31T23:15:30.501969+00:00] lbs.log.ERROR: error | 500 | internal server error: Argument 3 passed to {closure}() must be of the type int, array given, called in /var/www/src/app/controller/TD123Controller.php on line 56 | /var/www/src/app/conf/errors.phpline: 103 [] []
[2022-01-31T23:16:00.738993+00:00] lbs.log.ERROR: bad ressource : http://api.commande.local:19080/td/commandes/d812 [] []
[2022-01-31T23:16:59.018237+00:00] lbs.log.ERROR: error | 500 | internal server error: Call to undefined method lbs\fab\app\controller\TD123Controller::clientError() | /var/www/src/app/controller/TD123Controller.phpline: 58 [] []
[2022-01-31T23:42:48.839272+00:00] lbs.log.ERROR: bad ressource : http://api.commande.local:19080/td/commandes/a95144d2-1a31-458f-8665-35f571105665 [] []
[2022-01-31T23:45:18.458564+00:00] lbs.log.ERROR: bad ressource : http://api.commande.local:19080/td/commandes/a95144d2-1a31-458f-8665-35f571105665 [] []
[2022-02-01T16:00:06.686359+00:00] lbs.log.ERROR: error | 500 | internal server error: Call to a member function items() on null | /var/www/src/app/controller/Commande_Item_Controller.phpline: 36 [] []
[2022-02-16T09:15:09.418627+00:00] lbs.log.ERROR: error | 500 | internal server error: Call to a member function items() on null | /var/www/src/app/controller/Commande_Item_Controller.phpline: 32 [] []
[2022-02-16T09:32:44.433135+00:00] lbs.log.ERROR: error | 500 | internal server error: Call to a member function items() on null | /var/www/src/app/controller/Commande_Item_Controller.phpline: 32 [] []
[2022-02-16T09:37:29.450527+00:00] lbs.log.ERROR: error | 500 | internal server error: Call to a member function items() on null | /var/www/src/app/controller/Commande_Item_Controller.phpline: 32 [] []
[2022-02-16T09:37:31.983326+00:00] lbs.log.ERROR: error | 500 | internal server error: Call to a member function items() on null | /var/www/src/app/controller/Commande_Item_Controller.phpline: 32 [] []
[2022-02-16T09:37:59.304111+00:00] lbs.log.ERROR: error | 500 | internal server error: Call to a member function items() on null | /var/www/src/app/controller/Commande_Item_Controller.phpline: 32 [] []
[2022-02-16T10:00:12.527564+00:00] lbs.log.ERROR: GET http://api.commande.local:19080/td/commande/201316ba-2918-4549-be39-fff13a497e0a : malformed uri [] []
[2022-02-16T10:01:47.901866+00:00] lbs.log.ERROR: GET http://api.commande.local:19080/td/commande/201316ba-2918-4549-be39-fff13a497e0a : malformed uri [] []
[2022-02-16T15:30:47.331639+00:00] lbs.log.ERROR: error | 500 | internal server error: Call to a member function toSring() on null | /var/www/src/app/controller/Commande_Controller.phpline: 61 [] []
[2022-02-16T15:35:34.108897+00:00] lbs.log.ERROR: error | 500 | internal server error: syntax error, unexpected '"links"' (T_CONSTANT_ENCAPSED_STRING), expecting ']' | /var/www/src/app/controller/Commande_Controller.phpline: 66 [] []
[2022-02-16T15:35:42.402611+00:00] lbs.log.ERROR: error | 500 | internal server error: syntax error, unexpected '"links"' (T_CONSTANT_ENCAPSED_STRING), expecting ']' | /var/www/src/app/controller/Commande_Controller.phpline: 66 [] []
[2022-02-16T15:38:50.464338+00:00] lbs.log.ERROR: error | 500 | internal server error: Too few arguments to function Illuminate\Database\Eloquent\Model::setAttribute(), 1 passed in /var/www/src/vendor/illuminate/database/Eloquent/Concerns/HasAttributes.php on line 990 and exactly 2 expected | /var/www/src/vendor/illuminate/database/Eloquent/Concerns/HasAttributes.phpline: 894 [] []
[2022-02-16T15:49:58.464880+00:00] lbs.log.ERROR: error | 500 | internal server error: Too few arguments to function Illuminate\Database\Eloquent\Model::setAttribute(), 1 passed in /var/www/src/vendor/illuminate/database/Eloquent/Concerns/HasAttributes.php on line 990 and exactly 2 expected | /var/www/src/vendor/illuminate/database/Eloquent/Concerns/HasAttributes.phpline: 894 [] []
[2022-02-16T15:50:31.019330+00:00] lbs.log.ERROR: error | 500 | internal server error: Too few arguments to function Illuminate\Database\Eloquent\Model::setAttribute(), 1 passed in /var/www/src/vendor/illuminate/database/Eloquent/Concerns/HasAttributes.php on line 990 and exactly 2 expected | /var/www/src/vendor/illuminate/database/Eloquent/Concerns/HasAttributes.phpline: 894 [] []
[2022-02-16T15:50:57.711767+00:00] lbs.log.ERROR: error | 500 | internal server error: Too few arguments to function Illuminate\Database\Eloquent\Model::setAttribute(), 1 passed in /var/www/src/vendor/illuminate/database/Eloquent/Concerns/HasAttributes.php on line 990 and exactly 2 expected | /var/www/src/vendor/illuminate/database/Eloquent/Concerns/HasAttributes.phpline: 894 [] []
[2022-02-16T15:51:36.467988+00:00] lbs.log.ERROR: error | 500 | internal server error: Too few arguments to function Illuminate\Database\Eloquent\Model::setAttribute(), 1 passed in /var/www/src/vendor/illuminate/database/Eloquent/Concerns/HasAttributes.php on line 990 and exactly 2 expected | /var/www/src/vendor/illuminate/database/Eloquent/Concerns/HasAttributes.phpline: 894 [] []
[2022-02-18T16:23:19.560285+00:00] lbs.log.ERROR: error | 500 | internal server error: Object of class Slim\Route could not be converted to string | /var/www/src/app/middleware/ExampleMiddleware.phpline: 75 [] []
[2022-02-18T16:24:38.538857+00:00] lbs.log.ERROR: error | 500 | internal server error: Object of class Slim\Route could not be converted to string | /var/www/src/app/middleware/ExampleMiddleware.phpline: 74 [] []
[2022-02-27T20:13:53.025424+00:00] lbs.log.ERROR: GET http://api.commande.local:19080/td/middletest/welcome/truc : malformed uri [] []
[2022-02-27T20:14:06.892106+00:00] lbs.log.ERROR: GET http://api.commande.local:19080/td/middletest/welcome/ : malformed uri [] []
[2022-02-27T20:14:21.107118+00:00] lbs.log.ERROR: GET http://api.commande.local:19080/favicon.ico : malformed uri [] []
[2022-03-01T14:55:43.259407+00:00] lbs.log.ERROR: error | 500 | internal server error: Call to undefined method Slim\Http\Request::getHost() | /var/www/src/app/controller/Commande_Controller.phpline: 66 [] []
[2022-03-01T16:01:50.615389+00:00] lbs.log.ERROR: error | 500 | internal server error: Call to a member function format() on bool | /var/www/src/app/controller/Commande_Controller.phpline: 77 [] []
[2022-03-05T19:02:02.611486+00:00] lbs.log.ERROR: PUT http://api.commande.local:19080/td/commandes/a95144d2-1a31-458f-8665-35f571105665 : bad method - GET wanted [] []
[2022-03-05T19:02:33.457266+00:00] lbs.log.ERROR: error | 500 | internal server error: Call to a member function format() on bool | /var/www/src/app/controller/Commande_Controller.phpline: 89 [] []
[2022-03-05T19:18:34.361285+00:00] lbs.log.ERROR: No token in commande Route [403] []
[2022-03-06T17:11:59.760470+00:00] lbs.log.ERROR: No token in commande Route [403] []
[2022-03-06T17:13:11.800810+00:00] lbs.log.ERROR: No token in commande Route [403] []
[2022-03-06T17:13:31.787045+00:00] lbs.log.ERROR: No token in commande Route [403] []
[2022-03-06T17:14:07.171697+00:00] lbs.log.ERROR: No token in commande Route [403] []
[2022-03-06T17:15:01.032468+00:00] lbs.log.ERROR: No token in commande Route [403] []
[2022-03-06T17:15:02.125401+00:00] lbs.log.ERROR: No token in commande Route [403] []
[2022-03-06T17:15:15.832515+00:00] lbs.log.ERROR: No token in commande Route [403] []
[2022-03-06T17:16:06.077368+00:00] lbs.log.ERROR: No token in commande Route [403] []
[2022-03-06T17:16:22.857810+00:00] lbs.log.ERROR: No token in commande Route [403] []
[2022-03-06T17:16:42.956479+00:00] lbs.log.ERROR: No token in commande Route [403] []
[2022-03-06T17:17:20.256462+00:00] lbs.log.ERROR: No token in commande Route [403] []
[2022-03-06T17:26:59.761513+00:00] lbs.log.ERROR: error | 500 | internal server error: Class 'lbs\fab\app\output\Writer' not found | /var/www/src/app/controller/Commande_Controller.phpline: 96 [] []
[2022-03-06T17:28:14.168176+00:00] lbs.log.ERROR: error | 500 | internal server error: Class 'lbs\fab\app\output\Writer' not found | /var/www/src/app/controller/Commande_Controller.phpline: 96 [] []
[2022-03-06T17:29:45.061793+00:00] lbs.log.ERROR: error | 500 | internal server error: Class 'lbs\fab\app\output\Writer' not found | /var/www/src/app/controller/Commande_Controller.phpline: 96 [] []
[2022-03-06T17:31:13.911925+00:00] lbs.log.ERROR: error | 500 | internal server error: Class 'lbs\fab\app\output\Writer' not found | /var/www/src/app/controller/Commande_Controller.phpline: 96 [] []
[2022-03-06T18:57:17.757863+00:00] lbs.log.ERROR: error | 500 | internal server error: Argument 2 passed to lbs\fab\app\errors\Writer::json_error() must be of the type int, string given, called in /var/www/src/app/controller/Commande_Controller.php on line 121 | /var/www/src/app/errors/Writer.phpline: 12 [] []
[2022-03-06T21:08:30.704027+00:00] lbs.log.ERROR: error | 500 | internal server error: syntax error, unexpected 'public' (T_PUBLIC) | /var/www/src/app/controller/Commande_Controller.phpline: 151 [] []
[2022-03-06T21:08:59.314454+00:00] lbs.log.ERROR: error | 500 | internal server error: syntax error, unexpected 'public' (T_PUBLIC) | /var/www/src/app/controller/Commande_Controller.phpline: 151 [] []
[2022-03-06T21:09:30.092445+00:00] lbs.log.ERROR: error | 500 | internal server error: syntax error, unexpected 'public' (T_PUBLIC) | /var/www/src/app/controller/Commande_Controller.phpline: 151 [] []
[2022-03-06T21:13:43.470678+00:00] lbs.log.ERROR: error | 500 | internal server error: Call to a member function get() on null | /var/www/src/app/controller/Commande_Controller.phpline: 59 [] []
[2022-03-06T21:14:49.286841+00:00] lbs.log.ERROR: error ["\"7-12-2021\" must be greater than or equal to \"now\""] []
[2022-03-06T21:14:49.287543+00:00] lbs.log.ERROR: error | 500 | internal server error: Argument 2 passed to lbs\fab\app\errors\Writer::json_error() must be of the type int, string given, called in /var/www/src/app/controller/Commande_Controller.php on line 60 | /var/www/src/app/errors/Writer.phpline: 12 [] []
[2022-03-06T21:17:00.625311+00:00] lbs.log.ERROR: error ["\"7-12-2021\" must be greater than or equal to \"now\""] []
[2022-03-06T21:23:13.248328+00:00] lbs.log.ERROR: error ["\"7-12-2021\" must be greater than or equal to \"now\""] []
[2022-03-06T21:24:38.758967+00:00] lbs.log.ERROR: error ["\"7-12-2021\" must be greater than or equal to \"now\""] []
[2022-03-06T21:25:54.008026+00:00] lbs.log.ERROR: error | 500 | internal server error: Argument 2 passed to Monolog\Logger::error() must be of the type array, null given, called in /var/www/src/app/controller/Commande_Controller.php on line 55 | /var/www/src/vendor/monolog/monolog/src/Monolog/Logger.phpline: 563 [] []
[2022-03-06T21:30:53.976490+00:00] lbs.log.ERROR: error | 500 | internal server error: syntax error, unexpected '' (T_ENCAPSED_AND_WHITESPACE), expecting '-' or identifier (T_STRING) or variable (T_VARIABLE) or number (T_NUM_STRING) | /var/www/src/app/controller/Commande_Controller.phpline: 51 [] []
[2022-03-06T21:32:01.695825+00:00] lbs.log.ERROR: error | 500 | internal server error: syntax error, unexpected '' (T_ENCAPSED_AND_WHITESPACE), expecting '-' or identifier (T_STRING) or variable (T_VARIABLE) or number (T_NUM_STRING) | /var/www/src/app/controller/Commande_Controller.phpline: 51 [] []
[2022-03-06T21:37:25.127998+00:00] lbs.log.ERROR: error mail input client [] []
[2022-03-06T21:37:32.008268+00:00] lbs.log.ERROR: error mail input client [] []
[2022-03-06T21:37:37.354373+00:00] lbs.log.ERROR: error mail input client [] []
[2022-03-06T21:37:45.381436+00:00] lbs.log.ERROR: error input livraison date [] []
[2022-03-06T21:38:18.192514+00:00] lbs.log.ERROR: error input livraison date [] []
[2022-03-06T21:38:19.317709+00:00] lbs.log.ERROR: error input livraison date [] []
[2022-03-06T21:38:36.417896+00:00] lbs.log.ERROR: error input livraison date [] []
[2022-03-06T21:38:41.830073+00:00] lbs.log.ERROR: error input livraison date [] []
[2022-03-06T21:41:06.444720+00:00] lbs.log.ERROR: error input nom client [] []
[2022-03-06T21:43:51.831366+00:00] lbs.log.ERROR: error input nom client [] []
[2022-03-06T21:44:14.788764+00:00] lbs.log.ERROR: error input nom client [] []
[2022-03-06T21:45:04.212040+00:00] lbs.log.ERROR: error input livraison date [] []
[2022-03-06T21:49:52.950330+00:00] lbs.log.ERROR: error input livraison date [] []
[2022-03-06T21:49:57.700448+00:00] lbs.log.ERROR: error input livraison date [] []
[2022-03-06T21:50:00.378897+00:00] lbs.log.ERROR: error input livraison date [] []
[2022-03-06T21:50:23.257017+00:00] lbs.log.ERROR: error input nom client [] []
[2022-03-06T21:50:37.978433+00:00] lbs.log.ERROR: error input livraison date [] []
[2022-03-06T21:50:44.793958+00:00] lbs.log.ERROR: error input livraison date [] []
[2022-03-06T21:50:47.950528+00:00] lbs.log.ERROR: error input livraison date [] []
[2022-03-06T21:50:49.111806+00:00] lbs.log.ERROR: error input livraison date [] []
[2022-03-06T21:51:44.998176+00:00] lbs.log.ERROR: error input livraison date [] []
[2022-03-06T21:51:45.897346+00:00] lbs.log.ERROR: error input livraison date [] []
[2022-03-06T21:51:56.841852+00:00] lbs.log.ERROR: error input livraison date [] []
[2022-03-06T21:53:17.801869+00:00] lbs.log.ERROR: error input livraison date [] []
[2022-03-06T21:53:30.850482+00:00] lbs.log.ERROR: error mail input client [] []
[2022-03-06T21:53:33.704938+00:00] lbs.log.ERROR: error input livraison date [] []
[2022-03-06T21:53:39.210073+00:00] lbs.log.ERROR: error input livraison date [] []
[2022-03-06T21:54:46.036879+00:00] lbs.log.ERROR: error input livraison date [] []
[2022-03-06T21:57:57.394297+00:00] lbs.log.ERROR: error input livraison date [] []
[2022-03-06T21:58:23.579784+00:00] lbs.log.ERROR: error input livraison date [] []
[2022-03-06T21:58:28.176641+00:00] lbs.log.ERROR: error input livraison date [] []
[2022-03-06T21:58:32.860973+00:00] lbs.log.ERROR: error input livraison date [] []
[2022-03-06T21:59:58.016869+00:00] lbs.log.ERROR: error input livraison heure [] []
[2022-03-08T16:15:07.076887+00:00] lbs.log.ERROR: error | 500 | internal server error: syntax error, unexpected 'return' (T_RETURN), expecting function (T_FUNCTION) or const (T_CONST) | /var/www/src/app/controller/Commande_Controller.phpline: 318 [] []
[2022-03-08T16:20:31.604946+00:00] lbs.log.ERROR: error | 500 | internal server error: syntax error, unexpected 'return' (T_RETURN), expecting function (T_FUNCTION) or const (T_CONST) | /var/www/src/app/controller/Commande_Controller.phpline: 318 [] []
[2022-03-08T16:20:51.080925+00:00] lbs.log.ERROR: error | 500 | internal server error: syntax error, unexpected 'return' (T_RETURN), expecting function (T_FUNCTION) or const (T_CONST) | /var/www/src/app/controller/Commande_Controller.phpline: 318 [] []
[2022-03-08T16:20:51.927908+00:00] lbs.log.ERROR: error | 500 | internal server error: syntax error, unexpected 'return' (T_RETURN), expecting function (T_FUNCTION) or const (T_CONST) | /var/www/src/app/controller/Commande_Controller.phpline: 318 [] []
[2022-03-08T16:20:52.457944+00:00] lbs.log.ERROR: error | 500 | internal server error: syntax error, unexpected 'return' (T_RETURN), expecting function (T_FUNCTION) or const (T_CONST) | /var/www/src/app/controller/Commande_Controller.phpline: 318 [] []
[2022-03-08T16:27:01.860987+00:00] lbs.log.ERROR: error | 500 | internal server error: syntax error, unexpected 'return' (T_RETURN), expecting function (T_FUNCTION) or const (T_CONST) | /var/www/src/app/controller/Commande_Controller.phpline: 318 [] []
[2022-03-08T16:28:17.295963+00:00] lbs.log.ERROR: error | 500 | internal server error: syntax error, unexpected '}', expecting end of file | /var/www/src/app/controller/Commande_Controller.phpline: 320 [] []
[2022-03-08T17:00:51.644081+00:00] lbs.log.ERROR: error | 500 | internal server error: syntax error, unexpected '}' | /var/www/src/app/controller/Commande_Controller.phpline: 260 [] []
[2022-03-11T10:27:12.831769+00:00] lbs.log.ERROR: GET http://api.fabrication.local:19680/test : malformed uri [] []
[2022-03-11T10:27:41.622462+00:00] lbs.log.ERROR: error | 500 | internal server error: syntax error, unexpected end of file, expecting function (T_FUNCTION) or const (T_CONST) | /var/www/src/app/controller/Commande_Controller.phpline: 351 [] []
