[2022-01-27T22:36:46.586564+00:00] slim.log.DEBUG: GET /video6 pour voir le log [] []
[2022-01-27T22:40:15.882908+00:00] slim.log.DEBUG: GET /video6 pour voir le log [] []
[2022-01-27T22:40:15.883802+00:00] slim.log.WARNING: GET / : warning, 'tention là [] []
[2022-01-27T22:40:18.408485+00:00] slim.log.DEBUG: GET /video6 pour voir le log [] []
[2022-01-27T22:40:18.409363+00:00] slim.log.WARNING: GET / : warning, 'tention là [] []
[2022-01-29T16:05:01.135674+00:00] lbs.log.DEBUG.DEBUG: http://api.commande.local:19080/video7 pour voir le log [] []
[2022-01-29T16:06:49.164433+00:00] lbs.log.DEBUG: http://api.commande.local:19080/video7 pour voir le log [] []
[2022-01-30T22:13:03.381081+00:00] lbs.log.DEBUG: eloquent started - routes register started [] []
[2022-01-31T10:20:00.180596+00:00] lbs.log.DEBUG: eloquent started - routes register started [] []
[2022-01-31T10:21:37.864402+00:00] lbs.log.DEBUG: eloquent started - routes register started [] []
[2022-01-31T10:22:29.185903+00:00] lbs.log.DEBUG: eloquent started - routes register started [] []
[2022-01-31T10:22:38.158322+00:00] lbs.log.DEBUG: eloquent started - routes register started [] []
[2022-01-31T10:36:22.905850+00:00] lbs.log.DEBUG: eloquent started - routes register started [] []
[2022-01-31T10:36:26.212168+00:00] lbs.log.DEBUG: eloquent started - routes register started [] []
[2022-01-31T10:38:46.575500+00:00] lbs.log.DEBUG: eloquent started - routes register started [] []
[2022-01-31T10:42:57.514823+00:00] lbs.log.DEBUG: eloquent started - routes register started [] []
[2022-01-31T10:43:17.030057+00:00] lbs.log.DEBUG: eloquent started - routes register started [] []
[2022-01-31T10:43:37.868123+00:00] lbs.log.DEBUG: eloquent started - routes register started [] []
[2022-01-31T10:50:52.864385+00:00] lbs.log.DEBUG: eloquent started - routes register started [] []
[2022-01-31T20:05:58.127244+00:00] lbs.log.DEBUG: eloquent started - routes register started [] []
[2022-01-31T20:06:34.794319+00:00] lbs.log.DEBUG: eloquent started - routes register started [] []
[2022-01-31T20:30:10.752497+00:00] lbs.log.DEBUG: eloquent started - routes register started [] []
[2022-01-31T20:31:11.670565+00:00] lbs.log.DEBUG: eloquent started - routes register started [] []
[2022-01-31T20:31:15.575238+00:00] lbs.log.DEBUG: eloquent started - routes register started [] []
[2022-01-31T20:31:23.553052+00:00] lbs.log.DEBUG: eloquent started - routes register started [] []
[2022-01-31T20:31:38.150551+00:00] lbs.log.DEBUG: eloquent started - routes register started [] []
[2022-01-31T20:32:48.804978+00:00] lbs.log.DEBUG: eloquent started - routes register started [] []
[2022-01-31T20:33:05.975893+00:00] lbs.log.DEBUG: eloquent started - routes register started [] []
[2022-01-31T20:33:14.494175+00:00] lbs.log.DEBUG: eloquent started - routes register started [] []
[2022-01-31T20:33:17.936373+00:00] lbs.log.DEBUG: eloquent started - routes register started [] []
[2022-01-31T20:33:29.664691+00:00] lbs.log.DEBUG: eloquent started - routes register started [] []
[2022-01-31T20:36:44.999965+00:00] lbs.log.DEBUG: eloquent started - routes register started [] []
[2022-01-31T20:36:56.683744+00:00] lbs.log.DEBUG: eloquent started - routes register started [] []
[2022-01-31T20:37:09.869433+00:00] lbs.log.DEBUG: eloquent started - routes register started [] []
[2022-01-31T20:37:59.641981+00:00] lbs.log.DEBUG: eloquent started - routes register started [] []
[2022-01-31T20:38:09.639919+00:00] lbs.log.DEBUG: eloquent started - routes register started [] []
[2022-01-31T20:38:20.174152+00:00] lbs.log.DEBUG: eloquent started - routes register started [] []
[2022-01-31T20:38:23.524709+00:00] lbs.log.DEBUG: eloquent started - routes register started [] []
[2022-01-31T20:38:29.284984+00:00] lbs.log.DEBUG: eloquent started - routes register started [] []
[2022-01-31T20:52:08.559755+00:00] lbs.log.DEBUG: eloquent started - routes register started [] []
[2022-01-31T20:53:09.758555+00:00] lbs.log.DEBUG: eloquent started - routes register started [] []
[2022-01-31T20:53:15.590539+00:00] lbs.log.DEBUG: eloquent started - routes register started [] []
[2022-01-31T20:53:24.395504+00:00] lbs.log.DEBUG: eloquent started - routes register started [] []
[2022-01-31T20:53:37.106319+00:00] lbs.log.DEBUG: eloquent started - routes register started [] []
[2022-01-31T20:53:45.615024+00:00] lbs.log.DEBUG: eloquent started - routes register started [] []
[2022-01-31T20:53:56.275610+00:00] lbs.log.DEBUG: eloquent started - routes register started [] []
