[2022-01-29T16:05:01.175590+00:00] lbs.log.ERROR.ERROR: http://api.commande.local:19080/video7 Error [] []
[2022-01-29T16:06:49.165594+00:00] lbs.log.ERROR: http://api.commande.local:19080/video7 Error [] []
[2022-01-29T16:29:18.218421+00:00] lbs.log.ERROR: GET http://api.commande.local:19080/video71 : malformed uri [] []
[2022-01-29T16:32:03.500246+00:00] lbs.log.ERROR: GET http://api.commande.local:19080/video71 : malformed uri [] []
[2022-01-29T16:57:58.912967+00:00] lbs.log.ERROR: GET http://api.commande.local:19080/video7 : bad method - POST wanted [] []
[2022-01-29T19:06:50.941006+00:00] lbs.log.ERROR: GET http://api.commande.local:19080/video7 : bad method - POST wanted [] []
[2022-01-29T19:07:13.181081+00:00] lbs.log.ERROR: GET http://api.commande.local:19080/video7 : bad method - POST wanted [] []
[2022-01-29T19:07:32.252140+00:00] lbs.log.ERROR: GET http://api.commande.local:19080/video7 : bad method - POST wanted [] []
[2022-01-29T19:07:37.855919+00:00] lbs.log.ERROR: GET http://api.commande.local:19080/video7_2 : malformed uri [] []
[2022-01-30T11:36:41.280531+00:00] lbs.log.ERROR: {"type":"error","error":500,"message":"internal server error: Argument 2 passed to lbs\\command\\app\\controller\\DemoController::test_error() must implement interface Psr\\Http\\Message\\ServerRequestInterface, instance of Slim\\Http\\Response given","file":"\/var\/www\/src\/app\/controller\/DemoController.phpline: 49"} [] []
[2022-01-30T11:37:18.151480+00:00] lbs.log.ERROR: Array [] []
[2022-01-30T11:38:51.623037+00:00] lbs.log.ERROR: error, 500, internal server error: Argument 2 passed to lbs\command\app\controller\DemoController::test_error() must implement interface Psr\Http\Message\ServerRequestInterface, instance of Slim\Http\Response given, /var/www/src/app/controller/DemoController.phpline: 49 [] []
[2022-01-30T11:39:47.351136+00:00] lbs.log.ERROR: error| 500| internal server error: Argument 2 passed to lbs\command\app\controller\DemoController::test_error() must implement interface Psr\Http\Message\ServerRequestInterface, instance of Slim\Http\Response given| /var/www/src/app/controller/DemoController.phpline: 49 [] []
[2022-01-30T11:40:06.493517+00:00] lbs.log.ERROR: error | 500 | internal server error: Argument 2 passed to lbs\command\app\controller\DemoController::test_error() must implement interface Psr\Http\Message\ServerRequestInterface, instance of Slim\Http\Response given | /var/www/src/app/controller/DemoController.phpline: 49 [] []
[2022-01-30T12:03:30.025823+00:00] lbs.log.ERROR: error | 500 | internal server error: Call to undefined method Slim\Container::uuid() | /var/www/src/app/controller/DemoController.phpline: 71 [] []
[2022-01-30T12:08:55.512330+00:00] lbs.log.ERROR: error | 500 | internal server error: Call to undefined method Slim\Container::uuid() | /var/www/src/app/controller/DemoController.phpline: 71 [] []
[2022-01-30T12:16:21.547742+00:00] lbs.log.ERROR: error | 500 | internal server error: Too few arguments to function Ramsey\Uuid\Uuid::uuid3(), 1 passed in /var/www/src/app/conf/dependencies.php on line 78 and exactly 2 expected | /var/www/src/vendor/ramsey/uuid/src/Uuid.phpline: 606 [] []
[2022-01-30T12:21:45.015635+00:00] lbs.log.ERROR: error | 500 | internal server error: Call to undefined method Ramsey\Uuid\Lazy\LazyUuidFromString::tonString() | /var/www/src/app/conf/dependencies.phpline: 78 [] []
[2022-01-30T12:21:58.609640+00:00] lbs.log.ERROR: GET http://api.commande.local:19080/favicon.ico : malformed uri [] []
[2022-01-30T12:22:20.476389+00:00] lbs.log.ERROR: error | 500 | internal server error: Class 'lbs\command\app\controller\Uuid' not found | /var/www/src/app/controller/DemoController.phpline: 75 [] []
[2022-01-30T12:22:38.373454+00:00] lbs.log.ERROR: error | 500 | internal server error: Argument 2 passed to Ramsey\Uuid\Uuid::uuid5() must be of the type string, null given, called in /var/www/src/app/conf/dependencies.php on line 78 | /var/www/src/vendor/ramsey/uuid/src/Uuid.phpline: 640 [] []
[2022-01-30T12:42:53.555615+00:00] lbs.log.ERROR: GET http://api.commande.local:19080/favicon.ico : malformed uri [] []
[2022-01-31T10:43:17.053616+00:00] lbs.log.ERROR: error | 500 | internal server error: Object of class Illuminate\Database\Eloquent\Builder could not be converted to string | /var/www/src/app/controller/TD12Controller.phpline: 113 [] []
[2022-01-31T20:30:10.763139+00:00] lbs.log.ERROR: GET http://api.commande.local:19080/td1/co : malformed uri [] []
[2022-01-31T20:38:29.294630+00:00] lbs.log.ERROR: GET http://api.commande.local:19080/td1/commanrfre : malformed uri [] []
[2022-01-31T20:53:15.600206+00:00] lbs.log.ERROR: GET http://api.commande.local:19080/ciao/truc : bad method - POST wanted [] []
[2022-01-31T20:53:37.115320+00:00] lbs.log.ERROR: POST http://api.commande.local:19080/td1/commandes : bad method - GET wanted [] []
